<?xml version="1.0" encoding="UTF-8"?>
<testsuite name="TestCommission" tests="2" skipped="0" failures="0" errors="0" timestamp="2023-11-16T20:35:52" hostname="Youssefs-MacBook-Pro.local" time="0.175">
  <properties/>
  <testcase name="testGetCommissionSkipWhileLoop" classname="TestCommission" time="0.137"/>
  <testcase name="testGetCommissionEnterWhileLoop" classname="TestCommission" time="0.037"/>
  <system-out><![CDATA[]]></system-out>
  <system-err><![CDATA[Nov 16, 2023 3:35:52 PM CalculateCommission getCommission
INFO: Total sales: 2500.0
Nov 16, 2023 3:35:52 PM CalculateCommission getCommission
INFO: Commission is: $520.0
]]></system-err>
</testsuite>
